Unity Editor version:    2022.3.13f1 (5f90a5ebde0f)
Branch:                  2022.3/staging
Build type:              Release
Batch mode:              YES
macOS version:           Version 13.6.6 (Build 22G630)
Darwin version:          22.6.0
Architecture:            x86_64
Running under Rosetta:   NO
Available memory:        8192 MB
Using pre-set license
Pro License: YES

COMMAND LINE ARGUMENTS:
/Applications/Unity/Hub/Editor/2022.3.13f1/Unity.app/Contents/MacOS/Unity
-adb2
-batchMode
-noUpm
-name
AssetImportWorker2
-projectPath
/Users/janetvenditti/Documents/GitHub/40sCSProject/game
-logFile
Logs/AssetImportWorker2.log
-srvPort
54814
Successfully changed project path to: /Users/janetvenditti/Documents/GitHub/40sCSProject/game
/Users/janetvenditti/Documents/GitHub/40sCSProject/game
[UnityMemory] Configuration Parameters - Can be set up in boot.config
    "memorysetup-bucket-allocator-granularity=16"
    "memorysetup-bucket-allocator-bucket-count=8"
    "memorysetup-bucket-allocator-block-size=33554432"
    "memorysetup-bucket-allocator-block-count=8"
    "memorysetup-main-allocator-block-size=16777216"
    "memorysetup-thread-allocator-block-size=16777216"
    "memorysetup-gfx-main-allocator-block-size=16777216"
    "memorysetup-gfx-thread-allocator-block-size=16777216"
    "memorysetup-cache-allocator-block-size=4194304"
    "memorysetup-typetree-allocator-block-size=2097152"
    "memorysetup-profiler-bucket-allocator-granularity=16"
    "memorysetup-profiler-bucket-allocator-bucket-count=8"
    "memorysetup-profiler-bucket-allocator-block-size=33554432"
    "memorysetup-profiler-bucket-allocator-block-count=8"
    "memorysetup-profiler-allocator-block-size=16777216"
    "memorysetup-profiler-editor-allocator-block-size=1048576"
    "memorysetup-temp-allocator-size-main=16777216"
    "memorysetup-job-temp-allocator-block-size=2097152"
    "memorysetup-job-temp-allocator-block-size-background=1048576"
    "memorysetup-job-temp-allocator-reduction-small-platforms=262144"
    "memorysetup-allocator-temp-initial-block-size-main=262144"
    "memorysetup-allocator-temp-initial-block-size-worker=262144"
    "memorysetup-temp-allocator-size-background-worker=32768"
    "memorysetup-temp-allocator-size-job-worker=262144"
    "memorysetup-temp-allocator-size-preload-manager=33554432"
    "memorysetup-temp-allocator-size-nav-mesh-worker=65536"
    "memorysetup-temp-allocator-size-audio-worker=65536"
    "memorysetup-temp-allocator-size-cloud-worker=32768"
    "memorysetup-temp-allocator-size-gi-baking-worker=262144"
    "memorysetup-temp-allocator-size-gfx=262144"
Player connection [140704725252032] Host "[IP] 169.254.112.120 [Port] 0 [Flags] 2 [Guid] 645607426 [EditorId] 645607426 [Version] 1048832 [Id] OSXEditor(0,Janets-MacBook-Pro.local) [Debug] 1 [PackageName] OSXEditor [ProjectName] Editor" joined multi-casting on [225.0.0.222:54997]...

Player connection [140704725252032] Host "[IP] 169.254.112.120 [Port] 0 [Flags] 2 [Guid] 645607426 [EditorId] 645607426 [Version] 1048832 [Id] OSXEditor(0,Janets-MacBook-Pro.local) [Debug] 1 [PackageName] OSXEditor [ProjectName] Editor" joined alternative multi-casting on [225.0.0.222:34997]...

[Physics::Module] Initialized MultithreadedJobDispatcher with 7 workers.
Refreshing native plugins compatible for Editor in 7.05 ms, found 2 plugins.
Preloading 0 native plugins for Editor in 0.00 ms.
Initialize engine version: 2022.3.13f1 (5f90a5ebde0f)
[Subsystems] Discovering subsystems at path /Applications/Unity/Hub/Editor/2022.3.13f1/Unity.app/Contents/Resources/UnitySubsystems
[Subsystems] Discovering subsystems at path /Users/janetvenditti/Documents/GitHub/40sCSProject/game/Assets
GfxDevice: creating device client; threaded=0; jobified=0
Color LCD preferred device: Intel(R) Iris(TM) Plus Graphics 645 (low power)
Metal devices available: 1
0: Intel(R) Iris(TM) Plus Graphics 645 (low power)
Using device Intel(R) Iris(TM) Plus Graphics 645 (low power)
Initializing Metal device caps: Intel(R) Iris(TM) Plus Graphics 645
Invalid texture used for cursor - check importer settings or texture creation. Texture must be RGBA32, readable, have alphaIsTransparency enabled and have no mip chain.
Initialize mono
Mono path[0] = '/Applications/Unity/Hub/Editor/2022.3.13f1/Unity.app/Contents/Managed'
Mono path[1] = '/Applications/Unity/Hub/Editor/2022.3.13f1/Unity.app/Contents/MonoBleedingEdge/lib/mono/unityjit-macos'
Mono config path = '/Applications/Unity/Hub/Editor/2022.3.13f1/Unity.app/Contents/MonoBleedingEdge/etc'
Using monoOptions --debugger-agent=transport=dt_socket,embedding=1,server=y,suspend=n,address=127.0.0.1:56690
Begin MonoManager ReloadAssembly
Registering precompiled unity dll's ...
Register platform support module: /Applications/Unity/Hub/Editor/2022.3.13f1/Unity.app/Contents/PlaybackEngines/MacStandaloneSupport/UnityEditor.OSXStandalone.Extensions.dll
Registered in 0.005601 seconds.
- Loaded All Assemblies, in  1.044 seconds
Native extension for OSXStandalone target not found
Mono: successfully reloaded assembly
- Finished resetting the current domain, in  0.647 seconds
Domain Reload Profiling: 1691ms
	BeginReloadAssembly (504ms)
		ExecutionOrderSort (0ms)
		DisableScriptedObjects (0ms)
		BackupInstance (0ms)
		ReleaseScriptingObjects (0ms)
		CreateAndSetChildDomain (3ms)
	RebuildCommonClasses (78ms)
	RebuildNativeTypeToScriptingClass (28ms)
	initialDomainReloadingComplete (106ms)
	LoadAllAssembliesAndSetupDomain (328ms)
		LoadAssemblies (501ms)
		RebuildTransferFunctionScriptingTraits (0ms)
		AnalyzeDomain (324ms)
			TypeCache.Refresh (320ms)
				TypeCache.ScanAssembly (286ms)
			ScanForSourceGeneratedMonoScriptInfo (1ms)
			ResolveRequiredComponents (1ms)
	FinalizeReload (648ms)
		ReleaseScriptCaches (0ms)
		RebuildScriptCaches (0ms)
		SetupLoadedEditorAssemblies (519ms)
			LogAssemblyErrors (0ms)
			InitializePlatformSupportModulesInManaged (14ms)
			SetLoadedEditorAssemblies (16ms)
			RefreshPlugins (0ms)
			BeforeProcessingInitializeOnLoad (4ms)
			ProcessInitializeOnLoadAttributes (393ms)
			ProcessInitializeOnLoadMethodAttributes (92ms)
			AfterProcessingInitializeOnLoad (0ms)
			EditorAssembliesLoaded (0ms)
		ExecutionOrderSort2 (0ms)
		AwakeInstancesAfterBackupRestoration (0ms)
========================================================================
Worker process is ready to serve import requests
Begin MonoManager ReloadAssembly
- Loaded All Assemblies, in  1.823 seconds
Refreshing native plugins compatible for Editor in 3.87 ms, found 2 plugins.
Native extension for OSXStandalone target not found
Mono: successfully reloaded assembly
- Finished resetting the current domain, in  1.312 seconds
Domain Reload Profiling: 3136ms
	BeginReloadAssembly (329ms)
		ExecutionOrderSort (0ms)
		DisableScriptedObjects (28ms)
		BackupInstance (0ms)
		ReleaseScriptingObjects (2ms)
		CreateAndSetChildDomain (56ms)
	RebuildCommonClasses (81ms)
	RebuildNativeTypeToScriptingClass (39ms)
	initialDomainReloadingComplete (125ms)
	LoadAllAssembliesAndSetupDomain (1249ms)
		LoadAssemblies (764ms)
		RebuildTransferFunctionScriptingTraits (0ms)
		AnalyzeDomain (614ms)
			TypeCache.Refresh (547ms)
				TypeCache.ScanAssembly (515ms)
			ScanForSourceGeneratedMonoScriptInfo (49ms)
			ResolveRequiredComponents (13ms)
	FinalizeReload (1313ms)
		ReleaseScriptCaches (0ms)
		RebuildScriptCaches (0ms)
		SetupLoadedEditorAssemblies (898ms)
			LogAssemblyErrors (0ms)
			InitializePlatformSupportModulesInManaged (8ms)
			SetLoadedEditorAssemblies (8ms)
			RefreshPlugins (0ms)
			BeforeProcessingInitializeOnLoad (129ms)
			ProcessInitializeOnLoadAttributes (658ms)
			ProcessInitializeOnLoadMethodAttributes (88ms)
			AfterProcessingInitializeOnLoad (7ms)
			EditorAssembliesLoaded (0ms)
		ExecutionOrderSort2 (0ms)
		AwakeInstancesAfterBackupRestoration (9ms)
Launching external process: /Applications/Unity/Hub/Editor/2022.3.13f1/Unity.app/Contents/Tools/UnityShaderCompiler
Launched and connected shader compiler UnityShaderCompiler after 1.81 seconds
Refreshing native plugins compatible for Editor in 3.31 ms, found 2 plugins.
Preloading 0 native plugins for Editor in 0.00 ms.
Unloading 4170 Unused Serialized files (Serialized files now loaded: 0)
Unloading 72 unused Assets / (0.5 MB). Loaded Objects now: 4649.
Memory consumption went from 169.7 MB to 169.1 MB.
Total: 6.872640 ms (FindLiveObjects: 0.830736 ms CreateObjectMapping: 0.498655 ms MarkObjects: 5.000247 ms  DeleteObjects: 0.541290 ms)

AssetImportParameters requested are different than current active one (requested -> active):
  custom:scripting/monoscript/fileName/TMP_FontFeatureTable.cs: 5ff9812058e8c02a5b04eaa88778f2a5 -> cbd25d300d7ed4d969d60cb9f98f2826
  custom:scripting/monoscript/fileName/TMP_SDFShaderGUI.cs: 082588c068c6e819b94cdf417f8b7551 -> 1460619486eb6e8da302e26af5538aaa
  custom:scripting/monoscript/fileName/TMP_SubMeshUI.cs: 7a6337f74438df5e26b302bbbbc41105 -> 748262c65738bc5e1c553ae7a37a0c73
  custom:scripting/monoscript/fileName/TMPro_ContextMenus.cs: fbbbcbf9b4eb950e9aeda2d70529152c -> 06b3d4b27f337b8d846ca7117f3251e1
  custom:scripting/monoscript/fileName/TMPro_FontAssetCreatorWindow.cs: 9d68c1aab1c646cdf3e70083dc01df96 -> 0d0900483ed9b57d4ccc2ff58d1220b3
  custom:scripting/monoscript/fileName/TMP_EditorResourceManager.cs: 30391129c5b96f298e44c099ae0fab57 -> f56b80268a934198a76acc6f4cef503c
  custom:scripting/monoscript/fileName/TMP_InputFieldEditor.cs: 8f2095c37e5fd5ed563d60163f0c2e52 -> a6f05406e9cdb59679382b884c14216a
  custom:container-demuxer-ogg: 62fdf1f143b41e24485cea50d1cbac27 -> 
  custom:scripting/monoscript/fileName/TMP_TextParsingUtilities.cs: 47331f425db7fa5c443a11c866530503 -> 8b3fe20641ae0dd97405135955c706a3
  custom:scripting/monoscript/fileName/TMP_EditorCoroutine.cs: 01d80099920d11c11bfa87417e26164b -> 04cbf5ce6e541d98265aa7668ef82832
  custom:scripting/monoscript/fileName/TMP_StyleSheetEditor.cs: b6503d890746d6150e0f267f43ce60e4 -> 38b210a450ac855df2d81ab0242c2feb
  custom:scripting/monoscript/fileName/TMPro_Private.cs: 8f6297df34271fdb1ce2d9607ec6261d -> 90647cc400823b41df847a6cbfc29026
  custom:scripting/monoscript/fileName/TMP_MeshInfo.cs: 375ed9fada55d6bf39f9352ef1dd520b -> 89833651f7d905e51b340ec2afe531d1
  custom:scripting/monoscript/fileName/TMP_SpriteCharacter.cs: fe232bb280dddc880a01918d3502c13a -> 81dc73ff0878d6528202f8be44877b26
  custom:scripting/monoscript/fileName/TMP_ShaderUtilities.cs: 75ec062faab558cb3190dcd3e4820547 -> 84a261643983e306d02445da38ed662f
  custom:video-decoder-ogg-theora: a1e56fd34408186e4bbccfd4996cb3dc -> 
  custom:scripting/monoscript/fileName/TMP_UpdateManager.cs: 2b12c9b6d4082e0390a306eceed60fc6 -> fa7e71df671c5b3088b39753e4bbc70d
  custom:scripting/monoscript/fileName/TMP_EditorUtility.cs: f68b71b7543cddf9e4cdf261d5f519e5 -> b242106620cbbc38f0411146a086b885
  custom:scripting/monoscript/fileName/TMP_SpriteGlyphPropertyDrawer.cs: 4a6f1515709a40d92e24c84ec92fc53a -> 1447c7afab82cf56bc359d5c7fba114e
  custom:scripting/monoscript/fileName/TMP_SpriteAssetMenu.cs: a42d2dc20ed9558b36972dc6e6d71655 -> 05ea7b84320d1b77a6d1ae49c41ee9cc
  custom:scripting/monoscript/fileName/TMP_ColorGradient.cs: 3baf9c6d3c50fc594e68e0c756eb8779 -> 8d91c7c4749088eca69648d37a965bf8
  custom:scripting/monoscript/fileName/TMP_PreBuildProcessor.cs: d965cd4513e689cb01c0481012a89dee -> 790c12dcd4980aa978fd28fb6f89fb37
  custom:scripting/monoscript/fileName/TMP_SerializedPropertyHolder.cs: 9860586610cb3d91ae7f4ce33ab22d0b -> 99e5dbc1fa1abe750acc8166e4243be8
  custom:scripting/monoscript/fileName/TMP_SpriteCharacterPropertyDrawer.cs: 63186d320ccdf4dfa06fbce4e897d3f3 -> 14565b4e4f9266584dc3194fd967d252
  custom:scripting/monoscript/fileName/DropdownOptionListDrawer.cs: 342ee3f9c806e60b189c02609042c492 -> 4362475bc384312c771d88865ee2f40d
  custom:scripting/monoscript/fileName/TMP_CharacterPropertyDrawer.cs: 0fc1d1caf2f580e74b2224e6797250e4 -> ddc6f8909fdac3de9238e9b86e411c3e
  custom:scripting/monoscript/fileName/TMP_FontAssetEditor.cs: ff94a59ea0ba0aa81aa8a7f307f2efd3 -> e359b61135381f6b1d7b8c7e97a930f3
  custom:scripting/monoscript/fileName/TMP_FontAsset_CreationMenu.cs: 18345b423cea91a35f20f73f48aee7e1 -> 1c5caeb31a0df734411a201aca87cb03
  custom:scripting/monoscript/fileName/TMP_ScrollbarEventHandler.cs: 55de10d862075cd935d8381c309f39e0 -> c015e39b5a3f1a14518ce039f30e10af
  custom:scripting/monoscript/fileName/TMP_ObjectPool.cs: 8f6297df34271fdb1ce2d9607ec6261d -> 90647cc400823b41df847a6cbfc29026
  custom:scripting/monoscript/fileName/TMP_FontAssetUtilities.cs: d84a52975d941e769af4ae15b3aaa211 -> 5b7a9bc9c5c56e3cb5ccc808a2bdd9e4
  custom:scripting/monoscript/fileName/TMP_FontAssetCommon.cs: 4a5ab4d4426385ab38edd57c118cd485 -> 2b5f11ccf8aacaf9b5ea6564bf2b0d57
  custom:scripting/monoscript/fileName/TMP_TextInfo.cs: d86eebf32f36b8febee06365f862b403 -> 9e4eb698c4c168829682cbe659418e8f
  custom:scripting/monoscript/fileName/TextContainer.cs: 4e3c016869303ab3136387f7870e5adb -> 245c032a15fbc12850861c707e37b027
  custom:scripting/monoscript/fileName/TMP_SubMesh_Editor.cs: 6199a3bf0c204e3bdded9f5f05415a32 -> b381eb4c2ad4ef265088242d67c5b140
  custom:scripting/monoscript/fileName/TMP_TextElement.cs: fb8354965187a75f506d9a9df85f19dd -> 5dfb95666bd41ecc32948097824aba23
  custom:scripting/monoscript/fileName/TMP_Text.cs: c453c9b4dcb2bfad1083e3b49dfa3983 -> 5cba61e283281e8dbf7dadaabcd638dc
  custom:CustomObjectIndexerAttribute: 756ad292c208cfabdd7b50bc23989ffe -> 
  custom:scripting/monoscript/fileName/TMP_PostBuildProcessHandler.cs: 728d00fd9070cbfe6d8df45c08e57305 -> c69b388004562ecb0f789fc3759d9651
  custom:scripting/monoscript/fileName/TMP_DropdownEditor.cs: 6df138b51e278f9c93bd4976e96aa952 -> 2d907ee76ef876797c15186180266847
  custom:container-demuxer-webm: 4f35f7cbe854078d1ac9338744f61a02 -> 
  custom:scripting/monoscript/fileName/TMP_FontAsset.cs: 52c81438acb65fa444fe26964ef0345b -> 6c1db4680a96f294cf0af87a0b8099aa
  custom:scripting/monoscript/fileName/TMP_SubMeshUI_Editor.cs: 765ce633a5bfada7c5afc51aed8631bb -> 119a633ce37cc27ac209988b5de61d96
  custom:scripting/monoscript/fileName/TMP_BaseEditorPanel.cs: bf7c6aff8663a36814779dfe47e82e00 -> f4b9967705e7bb57152fef4117417ba7
  custom:scripting/monoscript/fileName/TMP_SettingsEditor.cs: aa2b5eadaadb4b54b49cd650a2246119 -> 56bf06371df7e13c5b8cc88becb89a4d
  custom:scripting/monoscript/fileName/TMP_UpdateRegistery.cs: 62691e6bdb107984e7d826316a6498e1 -> 1f23864d29c3a03d22aa9b00a337cf78
  custom:scripting/monoscript/fileName/TMPro_TextContainerEditor.cs: a97aca5bcf1b2486a0f60b2c7a935c42 -> b2fbc5db24221a870c4de162a712cbfe
  custom:scripting/monoscript/fileName/FastAction.cs: 94d6ead813247e604740a116c5fa92db -> dfbe75b66b645b53472915ad2590af11
  custom:scripting/monoscript/fileName/TMP_TextAlignmentDrawer.cs: ad15f73780bb9949f148eddcc3c3fbf7 -> 011b7908ef5eb5e9dea532c77e85c538
  custom:scripting/monoscript/fileName/TMPro_CreateObjectMenu.cs: e9e63aff764c7e7fd08e66f87103df4d -> ddee59388caa7a56693342f3a805d427
  custom:scripting/monoscript/fileName/TMP_Asset.cs: dcedda1866ab6edcf1af2d4525512628 -> 7e95c8d89188057bea8fc9569c9aa309
  custom:scripting/monoscript/fileName/TMP_ColorGradientEditor.cs: 187fe88a4e95285275d1781f1da14d92 -> ed654c9d45026a5f71e6e9535130c15f
  custom:scripting/monoscript/fileName/TMP_BitmapShaderGUI.cs: ef806c32b355e8831ed4eb3f5e3400ff -> 2ce3ac811452d1d6d82e565157cac3e2
  custom:scripting/monoscript/fileName/TMP_ColorGradientAssetMenu.cs: 79ee3689ecabb3de162f43faa3b27adc -> 83563be632f8167fcdca7878d36901f9
  custom:scripting/monoscript/fileName/TMP_GlyphPropertyDrawer.cs: 75006bca208b32d4fc4710404c538acf -> 56b500a16a5c8f635a7bfdd702279864
  custom:scripting/monoscript/fileName/TMP_SpriteGlyph.cs: 52a9bbe662618c4a5697bdefcba63d59 -> cb4cdca5a4c6415e4f27ee5280164c41
  custom:container-muxer-webm: aa71ff27fc2769a1b78a27578f13a17b -> 
  custom:scripting/monoscript/fileName/TMP_UIStyleManager.cs: f54fffa86b286da3a3329c601ca8d03e -> 66d96f3fa9ea14a5a6ed3f92d3bbe0f1
  custom:video-decoder-webm-vp8: 9c59270c3fd7afecdb556c50c9e8de78 -> 
  custom:scripting/monoscript/fileName/TMPro_EventManager.cs: 9ebed0b1e26a8c995d644c176e696d93 -> 4c7492301243f935f7a463360f91d217
  custom:scripting/monoscript/fileName/GlyphRectPropertyDrawer.cs: d355023434b9b8f82f7070cb40c7c036 -> bdec415148eac17379112822c8814df5
  custom:scripting/monoscript/fileName/TMPro_UGUI_Private.cs: 8f6297df34271fdb1ce2d9607ec6261d -> 90647cc400823b41df847a6cbfc29026
  custom:scripting/monoscript/fileName/TMP_TextElement_Legacy.cs: 33cc86d4b4c35f95c6446ea70ef56fc4 -> 6e11e173cb695b15e8cce3cd1e1cb2a7
  custom:SearchIndexIgnoredProperties: e643bd26f0fe6173181afceb89e7c659 -> 
  custom:scripting/monoscript/fileName/TMP_Settings.cs: 957f1889ca66b295dca8f725cc81558d -> 68d1204aae2aa6d0a54c151b7af443e7
  custom:scripting/monoscript/fileName/TMPro_SortingLayerHelper.cs: e3aabd077ed12370ac46dda129ef572e -> 8b86ad735987eff6a1277352e9e8d9b6
  custom:AudioImporter_EditorPlatform: 3918e3fc78b5a79bad01e8451be0beb8 -> 
  custom:scripting/monoscript/fileName/TMP_ResourcesManager.cs: 0d972ba50c38c5b25fe15fb0c61ada2b -> 64252a073d41e9c6f4e95b5f68ac966c
  custom:scripting/monoscript/fileName/TMPro_TexturePostProcessor.cs: d21743efde4e74198703a65b965619ea -> 0750ad2b775120fa59f760172dc340ad
  custom:scripting/monoscript/fileName/TMP_PackageResourceImporter.cs: 5335f4ee7041812300af31a777e4f584 -> 949b6e7fa2132b400d5c4aaf9c34421a
  custom:scripting/monoscript/fileName/TMP_Style.cs: 22d5739edd705d10f980250dcfd7fde0 -> ecc9948baa78373f3076151d1a0642d9
  custom:scripting/monoscript/fileName/TMP_EditorPanelUI.cs: 6242af713a75147e6e5820bfce936424 -> 0c3fb43855adf1da22258c211d01a47d
  custom:scripting/monoscript/fileName/TMP_InputField.cs: 8fed3480abb5543168012b207b39349b -> f7712ab842984f124274656d749eca3d
  custom:scripting/monoscript/fileName/TMP_Sprite.cs: e9945527ea1584af23f8f41ce4b844b4 -> 0ee3c386846aa132dd254421fac18cd1
  custom:scripting/monoscript/fileName/TMP_StyleSheet.cs: b6deb5f646a1f5ad7b696d32618ba797 -> de73099b6bd4b9281c92feedf1315618
  custom:scripting/monoscript/fileName/TMP_PackageUtilities.cs: 029634ff6f667ebc9454d70fde4def50 -> 89e6e95503dd36070edf73e7aaab4557
  custom:scripting/monoscript/fileName/TMP_GlyphPairAdjustmentRecordPropertyDrawer.cs: 6f07d27e8ea91e29d6bd5f39dd8deb23 -> 1a07941369755af9e0a102a45e9058c5
  custom:scripting/monoscript/fileName/TMP_TextUtilities.cs: f68f97869f24792bf3a3694d69de955c -> aab2855e68416a0a1f2f8904059662aa
  custom:scripting/monoscript/fileName/TMP_Dropdown.cs: 39f6048c754db30f2da2ea32254db16b -> ecea2f8babcb40d207d2e73158251f60
  custom:scripting/monoscript/fileName/TMP_CharacterInfo.cs: d2593478681404ce2cbd40e4e2f8a6d3 -> c840ce0b0aa6c1faafb27b3b884b2328
  custom:scripting/monoscript/fileName/TMP_ListPool.cs: 8f6297df34271fdb1ce2d9607ec6261d -> 90647cc400823b41df847a6cbfc29026
  custom:scripting/monoscript/fileName/MaterialReferenceManager.cs: eaedc912311d98c6b58e199f6250c848 -> c970e86594a0f568cbda548f2d4462c1
  custom:scripting/monoscript/fileName/ITextPreProcessor.cs: 28ed6b2ca482997555fb0291bd20c40d -> a7aa94de5d5bfce2bdd74516315faaf2
  custom:framework-osx-AVFoundation: e770b220cccbd017edd2c1fefb359320 -> 
  custom:scripting/monoscript/fileName/TMPro_EditorShaderUtilities.cs: 1203fb3feabf58cb81d888055364f838 -> f4cbef9348a73d49f1efb8d10ff07bf0
  custom:scripting/monoscript/fileName/GlyphMetricsPropertyDrawer.cs: dd0833870bcea17556e6d67c750c6ffc -> 438b07e6eae795dab04c32f51ac4e752
  custom:scripting/monoscript/fileName/TMP_DefaultControls.cs: 1798ee96b3c83cf7d4cea690bb04976a -> 2673e29173eb9307fa53ee17c15332ed
  custom:video-encoder-webm-vp8: eb34c28f22e8b96e1ab97ce403110664 -> 
  custom:scripting/monoscript/fileName/TMP_RichTextTagsCommon.cs: d28b21b13d6cea8fa92671f9a2a1f20d -> 5462d55f8a9ad882f9a7f2d708a6978b
  custom:scripting/monoscript/fileName/TMPro_ExtensionMethods.cs: 3d34decc871f763d4c9c61f1fe0f3275 -> 479bffcc157b89693ffc4c2ef2374861
  custom:audio-decoder-ogg-vorbis: bf7c407c2cedff20999df2af8eb42d56 -> 
  custom:scripting/monoscript/fileName/TMPro_MeshUtilities.cs: 183dd3a7e1b70c109767dd5059a390dd -> 2237d160e4d9e81a7d899dc235029cb3
  custom:scripting/monoscript/fileName/TMP_Compatibility.cs: d5209fd9c6a9aef9cccdbfb4f06bd571 -> 3ef1f12d3c823dd740c7c596ab076c61
  custom:scripting/monoscript/fileName/TMP_SpriteAssetImportFormats.cs: 3cc56654a2015a96112916e9636fbe6f -> 920e3140228fbd530b0080254da22d88
  custom:scripting/monoscript/fileName/TMP_StyleAssetMenu.cs: d695e815510410a6715fa00ae5e73f57 -> 60e7743122a0686d1131101c521adac6
  custom:scripting/monoscript/fileName/TMP_MaterialManager.cs: 1382feee688fee3eebaa5e9d7b47e98d -> 441d72ec3c04a8da6a351f60fff95465
  custom:scripting/monoscript/fileName/TMP_SpriteAsset.cs: b46309090c7f7da519ff6ef3172bd077 -> 8d06882cb45c7664f8d7c3079ee8757f
  custom:scripting/monoscript/fileName/TMP_ResourcesLoader.cs: f71e35ced40721d6906e578fb6e7f0e9 -> 6f1f07799f3cfe795f955033c27f98ed
  custom:scripting/monoscript/fileName/TMP_FontFeaturesCommon.cs: 89ff6ee76bb6f84827488d597e70ea5a -> 7d1db71d73353e7dd97f094c509882fa
  custom:scripting/monoscript/fileName/TMP_LineInfo.cs: 22ff02e7762110d3cc1f4bc096ea014d -> bb529d63c9723788bd7143f27cd69eaf
  custom:scripting/monoscript/fileName/TMP_EditorPanel.cs: 0bd13db7cdfa07805bfadd631c0ddba8 -> 0631f68be4ca0623bf3e313ec9becbc9
  custom:audio-encoder-webm-vorbis: bf7c407c2cedff20999df2af8eb42d56 -> 
  custom:scripting/monoscript/fileName/TMP_BaseShaderGUI.cs: 2c2d4519754bb0c1dd0a107014b7ac8a -> 25118693f24c47c8a4b530b8bff26574
  custom:scripting/monoscript/fileName/TMP_SpriteAssetImporter.cs: 06875a6ac5102e58811218e1c5dd33ca -> 675c97d72afe988872a20f51812f7cdf
  custom:scripting/monoscript/fileName/TMP_SpriteAssetEditor.cs: 7dcaf47692799a91aa4e5cd439bc54d0 -> 8a42af05e85c0eed4128787976375b45
  custom:scripting/monoscript/fileName/TMP_Character.cs: 2bff3626198e4d2228876f1e687078e0 -> 015720458ea991fbf07357eae19532db
  custom:scripting/monoscript/fileName/TMP_SubMesh.cs: ff760a824537d48706351b95c8d4be21 -> 9fd75270af40187985e5c14cc85ebe42
  custom:scripting/monoscript/fileName/TMP_CoroutineTween.cs: d4d869f6662b40274a62453f83c8a425 -> 76849b8d6d4ce499ad8ffee762e4a4af
  custom:scripting/monoscript/fileName/TMP_SpriteAnimator.cs: 126f1482d1430ed8648c2a6d8d693c6d -> bf3a797c3a059d3698e93e0031d7f11c
  custom:scripting/monoscript/fileName/TMP_TextProcessingStack.cs: ef8795fce16f80562f220a2f8bcb6bd2 -> 6146dd1b7f9b90aa342ef9794e387c23
  custom:scripting/monoscript/fileName/TMP_InputValidator.cs: e99335724872b7fcd0e5352c682debe0 -> 5e0d679d98dae60baa87977011e0ed51
  custom:scripting/monoscript/fileName/TMP_SelectionCaret.cs: ed141b1915a10b9c7ff9136666b54ee9 -> d2a06fefe973175bffa10d62f788c481
========================================================================
Received Import Request.
  Time since last request: 17695.564535 seconds.
  path: Assets/TextMesh Pro/Examples & Extras/Resources/Fonts & Materials/Anton SDF - Drop Shadow.mat
  artifactKey: Guid(749b9069dc4742c5bfa5c74644049926) Importer(815301076,1909f56bfc062723c751e8b465ee728b)
Start importing Assets/TextMesh Pro/Examples & Extras/Resources/Fonts & Materials/Anton SDF - Drop Shadow.mat using Guid(749b9069dc4742c5bfa5c74644049926) Importer(815301076,1909f56bfc062723c751e8b465ee728b)  -> (artifact id: '8e4f17265ecf3ef854514079894f615a') in 1.014492 seconds
Number of updated asset objects reloaded before import = 0
Number of asset objects unloaded after import = 2
========================================================================
Received Import Request.
  Time since last request: 0.000166 seconds.
  path: Assets/TextMesh Pro/Examples & Extras/Resources/Fonts & Materials/Bangers SDF - Outline.mat
  artifactKey: Guid(f629c6e43dba4bf38cb74d8860150664) Importer(815301076,1909f56bfc062723c751e8b465ee728b)
Start importing Assets/TextMesh Pro/Examples & Extras/Resources/Fonts & Materials/Bangers SDF - Outline.mat using Guid(f629c6e43dba4bf38cb74d8860150664) Importer(815301076,1909f56bfc062723c751e8b465ee728b)  -> (artifact id: '1e59121a604ce5b063cb157e51ac0238') in 0.076727 seconds
Number of updated asset objects reloaded before import = 0
Number of asset objects unloaded after import = 2
========================================================================
Received Import Request.
  Time since last request: 0.000188 seconds.
  path: Assets/TextMesh Pro/Examples & Extras/Resources/Fonts & Materials/Anton SDF - Sunny Days.mat
  artifactKey: Guid(6522f30e342599e4e9dd4cc2cc03c830) Importer(815301076,1909f56bfc062723c751e8b465ee728b)
Start importing Assets/TextMesh Pro/Examples & Extras/Resources/Fonts & Materials/Anton SDF - Sunny Days.mat using Guid(6522f30e342599e4e9dd4cc2cc03c830) Importer(815301076,1909f56bfc062723c751e8b465ee728b)  -> (artifact id: 'd4711f0e688241b53451fa5e7cb8c4c9') in 0.386284 seconds
Number of updated asset objects reloaded before import = 0
Number of asset objects unloaded after import = 4
========================================================================
Received Import Request.
  Time since last request: 0.000137 seconds.
  path: Assets/TextMesh Pro/Examples & Extras/Resources/Fonts & Materials/Bangers SDF Logo.mat
  artifactKey: Guid(f4e195ac1e204eff960149d1cb34e18c) Importer(815301076,1909f56bfc062723c751e8b465ee728b)
Start importing Assets/TextMesh Pro/Examples & Extras/Resources/Fonts & Materials/Bangers SDF Logo.mat using Guid(f4e195ac1e204eff960149d1cb34e18c) Importer(815301076,1909f56bfc062723c751e8b465ee728b)  -> (artifact id: '8662fb470c6be92b2b81c2afd953650c') in 1.008838 seconds
Number of updated asset objects reloaded before import = 0
Number of asset objects unloaded after import = 5
